<?xml version="1.0" encoding="UTF-8"?>
<!-- Generated by org.testng.reporters.JUnitReportReporter -->
<testsuite skipped="0" hostname="DESKTOP-J7UJK7R" name="tests.JDBC" tests="1" failures="0" timestamp="2021-10-29T17:15:06 IST" time="1.007" errors="0">
  <testcase name="jdbc" time="1.007" classname="tests.JDBC"/>
  <system-out/>
</testsuite> <!-- tests.JDBC -->
