<?xml version="1.0" encoding="UTF-8"?>
<!-- Generated by org.testng.reporters.JUnitReportReporter -->
<testsuite skipped="0" hostname="DESKTOP-J7UJK7R" name="utilities.ExcelData" tests="1" failures="0" timestamp="2021-10-27T17:32:15 IST" time="0.877" errors="0">
  <testcase name="data" time="0.877" classname="utilities.ExcelData"/>
  <system-out/>
</testsuite> <!-- utilities.ExcelData -->
