<?xml version="1.0" encoding="UTF-8"?>
<!-- Generated by org.testng.reporters.JUnitReportReporter -->
<testsuite skipped="0" hostname="DESKTOP-J7UJK7R" name="utilities.Jdbc" tests="1" failures="0" timestamp="2021-10-29T17:28:43 IST" time="1.084" errors="0">
  <testcase name="jdbc" time="1.084" classname="utilities.Jdbc"/>
  <system-out/>
</testsuite> <!-- utilities.Jdbc -->
