<?xml version="1.0" encoding="UTF-8"?>
<!-- Generated by org.testng.reporters.JUnitReportReporter -->
<testsuite skipped="0" hostname="DESKTOP-J7UJK7R" name="tests.JDBCTest" tests="1" failures="0" timestamp="2021-10-29T17:47:38 IST" time="22.888" errors="0">
  <testcase name="opening" time="22.888" classname="tests.JDBCTest"/>
  <system-out/>
</testsuite> <!-- tests.JDBCTest -->
