<?xml version="1.0" encoding="UTF-8"?>
<!-- Generated by org.testng.reporters.JUnitReportReporter -->
<testsuite skipped="0" hostname="DESKTOP-J7UJK7R" name="utilities.Base" tests="1" failures="0" timestamp="2021-10-27T17:51:43 IST" time="0.872" errors="0">
  <testcase name="init" time="0.872" classname="utilities.Base"/>
  <system-out/>
</testsuite> <!-- utilities.Base -->
