<?xml version="1.0" encoding="UTF-8"?>
<!-- Generated by org.testng.reporters.JUnitReportReporter -->
<testsuite skipped="0" hostname="DESKTOP-J7UJK7R" name="tests.ValidateTitle" tests="1" failures="0" timestamp="2021-10-27T19:28:00 IST" time="3.875" errors="0">
  <testcase name="validateTitleTest" time="3.875" classname="tests.ValidateTitle"/>
  <system-out/>
</testsuite> <!-- tests.ValidateTitle -->
