<?xml version="1.0" encoding="UTF-8"?>
<!-- Generated by org.testng.reporters.JUnitReportReporter -->
<testsuite skipped="0" hostname="DESKTOP-J7UJK7R" name="tests.JDBCTest" tests="1" failures="0" timestamp="2021-10-29T18:04:45 IST" time="19.804" errors="0">
  <testcase name="open" time="19.804" classname="tests.JDBCTest"/>
  <system-out/>
</testsuite> <!-- tests.JDBCTest -->
